<?xml version="1.0" encoding="UTF-8"?>
<testng-results ignored="0" total="2" passed="2" failed="0" skipped="0">
  <reporter-output>
  </reporter-output>
  <suite started-at="2023-01-09T11:25:23Z" name="Suite" finished-at="2023-01-09T11:26:33Z" duration-ms="69597">
    <groups>
    </groups>
    <test started-at="2023-01-09T11:25:23Z" name="Test" finished-at="2023-01-09T11:26:33Z" duration-ms="69597">
      <class name="tests.SearchProduct">
        <test-method is-config="true" signature="setup()[pri:0, instance:tests.SearchProduct@1339e7aa]" started-at="2023-01-09T16:55:23Z" name="setup" finished-at="2023-01-09T16:55:31Z" duration-ms="7359" status="PASS">
          <reporter-output>
          </reporter-output>
        </test-method> <!-- setup -->
        <test-method signature="verifySearchProduct()[pri:0, instance:tests.SearchProduct@1339e7aa]" started-at="2023-01-09T16:55:31Z" name="verifySearchProduct" finished-at="2023-01-09T16:55:33Z" duration-ms="2687" status="PASS">
          <reporter-output>
          </reporter-output>
        </test-method> <!-- verifySearchProduct -->
        <test-method is-config="true" signature="close()[pri:0, instance:tests.SearchProduct@1339e7aa]" started-at="2023-01-09T16:55:33Z" name="close" finished-at="2023-01-09T16:55:34Z" duration-ms="251" status="PASS">
          <reporter-output>
          </reporter-output>
        </test-method> <!-- close -->
      </class> <!-- tests.SearchProduct -->
      <class name="tests.AddItems">
        <test-method is-config="true" signature="setup()[pri:0, instance:tests.AddItems@1fb669c3]" started-at="2023-01-09T16:55:34Z" name="setup" finished-at="2023-01-09T16:55:37Z" duration-ms="3806" status="PASS">
          <reporter-output>
          </reporter-output>
        </test-method> <!-- setup -->
        <test-method signature="addItems()[pri:0, instance:tests.AddItems@1fb669c3]" started-at="2023-01-09T16:55:37Z" name="addItems" finished-at="2023-01-09T16:56:33Z" duration-ms="55231" status="PASS">
          <reporter-output>
          </reporter-output>
        </test-method> <!-- addItems -->
        <test-method is-config="true" signature="close()[pri:0, instance:tests.AddItems@1fb669c3]" started-at="2023-01-09T16:56:33Z" name="close" finished-at="2023-01-09T16:56:33Z" duration-ms="247" status="PASS">
          <reporter-output>
          </reporter-output>
        </test-method> <!-- close -->
      </class> <!-- tests.AddItems -->
    </test> <!-- Test -->
  </suite> <!-- Suite -->
</testng-results>
